Arguments: 
  C:\Program Files\nodejs\node.exe C:\Users\digit\AppData\Roaming\npm\node_modules\yarn\bin\yarn.js add @openzeppelin/contracts

PATH: 
  C:\Program Files (x86)\VMware\VMware Workstation\bin\;C:\WINDOWS\system32;C:\WINDOWS;C:\WINDOWS\System32\Wbem;C:\WINDOWS\System32\WindowsPowerShell\v1.0\;C:\WINDOWS\System32\OpenSSH\;C:\WINDOWS\system32\config\systemprofile\.dnx\bin;C:\Program Files\Microsoft DNX\Dnvm\;C:\Program Files\Microsoft SQL Server\130\Tools\Binn\;C:\Program Files\Git\cmd;C:\Program Files (x86)\Windows Kits\8.1\Windows Performance Toolkit\;C:\Program Files\PuTTY\;C:\Users\digit\AppData\Roaming\nvm;C:\src\flutter\bin;C:\Program Files\nodejs\;C:\Users\digit\AppData\Local\Programs\Python\Python39\Scripts\;C:\Users\digit\AppData\Local\Programs\Python\Python39\;C:\Users\digit\AppData\Local\Microsoft\WindowsApps;C:\Users\digit\AppData\Local\Programs\Microsoft VS Code\bin;C:\Program Files\heroku\bin;C:\Program Files\MongoDB\Server\4.4\bin;C:\Users\digit\AppData\Roaming\nvm;C:\Program Files\nodejs;C:\Users\digit\AppData\Roaming\npm

Yarn version: 
  1.22.17

Node version: 
  16.13.2

Platform: 
  win32 x64

Trace: 
  Error: EPERM: operation not permitted, unlink 'C:\Users\digit\OneDrive\Escritorio\tareas-dapp\node_modules\bufferutil\prebuilds\win32-x64\node.napi.node'

npm manifest: 
  {
    "name": "ethereum-javascript-dapp",
    "version": "1.0.0",
    "description": "",
    "main": "truffle-config.js",
    "directories": {
      "test": "test"
    },
    "scripts": {
      "dev": "lite-server",
      "test": "truffle test"
    },
    "keywords": [],
    "author": "",
    "license": "ISC",
    "dependencies": {
      "@truffle/contract": "^4.3.21",
      "bootstrap": "^5.0.2",
      "chai": "^4.3.4",
      "lite-server": "^2.6.1"
    }
  }

yarn manifest: 
  No manifest

Lockfile: 
  No lockfile
